<?xml version="1.0" encoding="UTF-8"?>
<testsuite name="com.diary.DiaryApplicationTests" tests="1" skipped="0" failures="0" errors="0" timestamp="2023-11-19T14:49:57" hostname="크흐" time="0.29">
  <properties/>
  <testcase name="contextLoads()" classname="com.diary.DiaryApplicationTests" time="0.29"/>
  <system-out><![CDATA[23:49:54.796 [Test worker] INFO org.springframework.test.context.support.AnnotationConfigContextLoaderUtils -- Could not detect default configuration classes for test class [com.diary.DiaryApplicationTests]: DiaryApplicationTests does not declare any static, non-private, non-final, nested classes annotated with @Configuration.
23:49:54.860 [Test worker] INFO org.springframework.boot.test.context.SpringBootTestContextBootstrapper -- Found @SpringBootConfiguration com.diary.DiaryApplication for test class com.diary.DiaryApplicationTests

  .   ____          _            __ _ _
 /\\ / ___'_ __ _ _(_)_ __  __ _ \ \ \ \
( ( )\___ | '_ | '_| | '_ \/ _` | \ \ \ \
 \\/  ___)| |_)| | | | | || (_| |  ) ) ) )
  '  |____| .__|_| |_|_| |_\__, | / / / /
 =========|_|==============|___/=/_/_/_/
 :: Spring Boot ::                (v3.1.5)

2023-11-19T23:49:55.086+09:00  INFO 14224 --- [    Test worker] com.diary.DiaryApplicationTests          : Starting DiaryApplicationTests using Java 17.0.9 with PID 14224 (started by piy13 in C:\Users\piy13\git\capd\diary)
2023-11-19T23:49:55.086+09:00  INFO 14224 --- [    Test worker] com.diary.DiaryApplicationTests          : No active profile set, falling back to 1 default profile: "default"
2023-11-19T23:49:55.506+09:00  INFO 14224 --- [    Test worker] .s.d.r.c.RepositoryConfigurationDelegate : Bootstrapping Spring Data JPA repositories in DEFAULT mode.
2023-11-19T23:49:55.553+09:00  INFO 14224 --- [    Test worker] .s.d.r.c.RepositoryConfigurationDelegate : Finished Spring Data repository scanning in 40 ms. Found 2 JPA repository interfaces.
2023-11-19T23:49:55.757+09:00  INFO 14224 --- [    Test worker] trationDelegate$BeanPostProcessorChecker : Bean 'org.springframework.ws.config.annotation.DelegatingWsConfiguration' of type [org.springframework.ws.config.annotation.DelegatingWsConfiguration$$SpringCGLIB$$0] is not eligible for getting processed by all BeanPostProcessors (for example: not eligible for auto-proxying)
2023-11-19T23:49:55.773+09:00  INFO 14224 --- [    Test worker] .w.s.a.s.AnnotationActionEndpointMapping : Supporting [WS-Addressing August 2004, WS-Addressing 1.0]
2023-11-19T23:49:55.899+09:00  INFO 14224 --- [    Test worker] o.hibernate.jpa.internal.util.LogHelper  : HHH000204: Processing PersistenceUnitInfo [name: default]
2023-11-19T23:49:55.930+09:00  INFO 14224 --- [    Test worker] org.hibernate.Version                    : HHH000412: Hibernate ORM core version 6.2.13.Final
2023-11-19T23:49:55.930+09:00  INFO 14224 --- [    Test worker] org.hibernate.cfg.Environment            : HHH000406: Using bytecode reflection optimizer
2023-11-19T23:49:56.119+09:00  INFO 14224 --- [    Test worker] o.s.o.j.p.SpringPersistenceUnitInfo      : No LoadTimeWeaver setup: ignoring JPA class transformer
2023-11-19T23:49:56.135+09:00  INFO 14224 --- [    Test worker] com.zaxxer.hikari.HikariDataSource       : HikariPool-1 - Starting...
2023-11-19T23:49:56.433+09:00  INFO 14224 --- [    Test worker] com.zaxxer.hikari.pool.HikariPool        : HikariPool-1 - Added connection com.mysql.cj.jdbc.ConnectionImpl@76af34b5
2023-11-19T23:49:56.433+09:00  INFO 14224 --- [    Test worker] com.zaxxer.hikari.HikariDataSource       : HikariPool-1 - Start completed.
2023-11-19T23:49:56.990+09:00  INFO 14224 --- [    Test worker] o.h.e.t.j.p.i.JtaPlatformInitiator       : HHH000489: No JTA platform available (set 'hibernate.transaction.jta.platform' to enable JTA platform integration)
2023-11-19T23:49:57.046+09:00  INFO 14224 --- [    Test worker] j.LocalContainerEntityManagerFactoryBean : Initialized JPA EntityManagerFactory for persistence unit 'default'
2023-11-19T23:49:57.218+09:00  INFO 14224 --- [    Test worker] o.s.d.j.r.query.QueryEnhancerFactory     : Hibernate is in classpath; If applicable, HQL parser will be used.
2023-11-19T23:49:57.865+09:00  INFO 14224 --- [    Test worker] com.diary.DiaryApplicationTests          : Started DiaryApplicationTests in 2.913 seconds (process running for 3.66)
]]></system-out>
  <system-err><![CDATA[]]></system-err>
</testsuite>
