<?xml version="1.0" encoding="UTF-8"?>
<testsuite name="com.diary.DiaryApplicationTests" tests="1" skipped="0" failures="0" errors="0" timestamp="2023-11-16T13:21:28" hostname="크흐" time="0.332">
  <properties/>
  <testcase name="contextLoads()" classname="com.diary.DiaryApplicationTests" time="0.332"/>
  <system-out><![CDATA[22:21:25.394 [Test worker] INFO org.springframework.test.context.support.AnnotationConfigContextLoaderUtils -- Could not detect default configuration classes for test class [com.diary.DiaryApplicationTests]: DiaryApplicationTests does not declare any static, non-private, non-final, nested classes annotated with @Configuration.
22:21:25.467 [Test worker] INFO org.springframework.boot.test.context.SpringBootTestContextBootstrapper -- Found @SpringBootConfiguration com.diary.DiaryApplication for test class com.diary.DiaryApplicationTests

  .   ____          _            __ _ _
 /\\ / ___'_ __ _ _(_)_ __  __ _ \ \ \ \
( ( )\___ | '_ | '_| | '_ \/ _` | \ \ \ \
 \\/  ___)| |_)| | | | | || (_| |  ) ) ) )
  '  |____| .__|_| |_|_| |_\__, | / / / /
 =========|_|==============|___/=/_/_/_/
 :: Spring Boot ::                (v3.1.5)

2023-11-16T22:21:25.728+09:00  INFO 21860 --- [    Test worker] com.diary.DiaryApplicationTests          : Starting DiaryApplicationTests using Java 17.0.9 with PID 21860 (started by piy13 in C:\Users\piy13\git\capd\diary)
2023-11-16T22:21:25.729+09:00  INFO 21860 --- [    Test worker] com.diary.DiaryApplicationTests          : No active profile set, falling back to 1 default profile: "default"
2023-11-16T22:21:26.156+09:00  INFO 21860 --- [    Test worker] .s.d.r.c.RepositoryConfigurationDelegate : Bootstrapping Spring Data JPA repositories in DEFAULT mode.
2023-11-16T22:21:26.203+09:00  INFO 21860 --- [    Test worker] .s.d.r.c.RepositoryConfigurationDelegate : Finished Spring Data repository scanning in 41 ms. Found 2 JPA repository interfaces.
2023-11-16T22:21:26.390+09:00  INFO 21860 --- [    Test worker] trationDelegate$BeanPostProcessorChecker : Bean 'org.springframework.ws.config.annotation.DelegatingWsConfiguration' of type [org.springframework.ws.config.annotation.DelegatingWsConfiguration$$SpringCGLIB$$0] is not eligible for getting processed by all BeanPostProcessors (for example: not eligible for auto-proxying)
2023-11-16T22:21:26.425+09:00  INFO 21860 --- [    Test worker] .w.s.a.s.AnnotationActionEndpointMapping : Supporting [WS-Addressing August 2004, WS-Addressing 1.0]
2023-11-16T22:21:26.544+09:00  INFO 21860 --- [    Test worker] o.hibernate.jpa.internal.util.LogHelper  : HHH000204: Processing PersistenceUnitInfo [name: default]
2023-11-16T22:21:26.576+09:00  INFO 21860 --- [    Test worker] org.hibernate.Version                    : HHH000412: Hibernate ORM core version 6.2.13.Final
2023-11-16T22:21:26.577+09:00  INFO 21860 --- [    Test worker] org.hibernate.cfg.Environment            : HHH000406: Using bytecode reflection optimizer
2023-11-16T22:21:26.766+09:00  INFO 21860 --- [    Test worker] o.s.o.j.p.SpringPersistenceUnitInfo      : No LoadTimeWeaver setup: ignoring JPA class transformer
2023-11-16T22:21:26.785+09:00  INFO 21860 --- [    Test worker] com.zaxxer.hikari.HikariDataSource       : HikariPool-1 - Starting...
2023-11-16T22:21:27.101+09:00  INFO 21860 --- [    Test worker] com.zaxxer.hikari.pool.HikariPool        : HikariPool-1 - Added connection com.mysql.cj.jdbc.ConnectionImpl@3dc46f24
2023-11-16T22:21:27.104+09:00  INFO 21860 --- [    Test worker] com.zaxxer.hikari.HikariDataSource       : HikariPool-1 - Start completed.
2023-11-16T22:21:27.677+09:00  INFO 21860 --- [    Test worker] o.h.e.t.j.p.i.JtaPlatformInitiator       : HHH000489: No JTA platform available (set 'hibernate.transaction.jta.platform' to enable JTA platform integration)
2023-11-16T22:21:27.771+09:00  INFO 21860 --- [    Test worker] j.LocalContainerEntityManagerFactoryBean : Initialized JPA EntityManagerFactory for persistence unit 'default'
2023-11-16T22:21:27.937+09:00  INFO 21860 --- [    Test worker] o.s.d.j.r.query.QueryEnhancerFactory     : Hibernate is in classpath; If applicable, HQL parser will be used.
2023-11-16T22:21:28.555+09:00  INFO 21860 --- [    Test worker] com.diary.DiaryApplicationTests          : Started DiaryApplicationTests in 2.982 seconds (process running for 3.774)
]]></system-out>
  <system-err><![CDATA[]]></system-err>
</testsuite>
